
  .   ____          _            __ _ _
 /\\ / ___'_ __ _ _(_)_ __  __ _ \ \ \ \
( ( )\___ | '_ | '_| | '_ \/ _` | \ \ \ \
 \\/  ___)| |_)| | | | | || (_| |  ) ) ) )
  '  |____| .__|_| |_|_| |_\__, | / / / /
 =========|_|==============|___/=/_/_/_/
 :: Spring Boot ::                (v3.1.3)

2023-09-16T15:30:10.731+03:00  INFO 6885 --- [           main] c.example.newMock1.NewMock1Application   : Starting NewMock1Application v0.0.1-SNAPSHOT using Java 17.0.8.1 with PID 6885 (/home/serg/newMock1/target/newMock1-0.0.1-SNAPSHOT.jar started by serg in /home/serg/newMock1/target)
2023-09-16T15:30:10.742+03:00  INFO 6885 --- [           main] c.example.newMock1.NewMock1Application   : No active profile set, falling back to 1 default profile: "default"
2023-09-16T15:30:13.498+03:00  INFO 6885 --- [           main] o.s.b.w.embedded.tomcat.TomcatWebServer  : Tomcat initialized with port(s): 8888 (http)
2023-09-16T15:30:13.522+03:00  INFO 6885 --- [           main] o.apache.catalina.core.StandardService   : Starting service [Tomcat]
2023-09-16T15:30:13.523+03:00  INFO 6885 --- [           main] o.apache.catalina.core.StandardEngine    : Starting Servlet engine: [Apache Tomcat/10.1.12]
2023-09-16T15:30:13.913+03:00  INFO 6885 --- [           main] o.a.c.c.C.[Tomcat].[localhost].[/]       : Initializing Spring embedded WebApplicationContext
2023-09-16T15:30:13.926+03:00  INFO 6885 --- [           main] w.s.c.ServletWebServerApplicationContext : Root WebApplicationContext: initialization completed in 3027 ms
2023-09-16T15:30:15.536+03:00  INFO 6885 --- [           main] o.s.b.w.embedded.tomcat.TomcatWebServer  : Tomcat started on port(s): 8888 (http) with context path ''
2023-09-16T15:30:15.597+03:00  INFO 6885 --- [           main] c.example.newMock1.NewMock1Application   : Started NewMock1Application in 6.032 seconds (process running for 7.082)
2023-09-16T15:30:34.658+03:00  INFO 6885 --- [nio-8888-exec-1] o.a.c.c.C.[Tomcat].[localhost].[/]       : Initializing Spring DispatcherServlet 'dispatcherServlet'
2023-09-16T15:30:34.658+03:00  INFO 6885 --- [nio-8888-exec-1] o.s.web.servlet.DispatcherServlet        : Initializing Servlet 'dispatcherServlet'
2023-09-16T15:30:34.667+03:00  INFO 6885 --- [nio-8888-exec-1] o.s.web.servlet.DispatcherServlet        : Completed initialization in 8 ms
2023-09-16T15:30:34.967+03:00 ERROR 6885 --- [nio-8888-exec-1] c.e.newMock1.Controller.MainController   : ********** LimitRequestDTO **********{
  "rqUID" : "58dgtf565j8547f64ke7",
  "clientId" : "9050000000000000000",
  "account" : "30500000000000000001",
  "openDate" : "2020-01-01",
  "closeDate" : "2025-01-01"
}
2023-09-16T15:30:35.035+03:00 ERROR 6885 --- [nio-8888-exec-1] c.e.newMock1.Controller.MainController   : ********** LimitResponseDTO **********{
  "rqUID" : "58dgtf565j8547f64ke7",
  "clientId" : "9050000000000000000",
  "account" : "30500000000000000001",
  "currency" : "RU",
  "balance" : 666,
  "maxLimit" : 1000
}
2023-09-16T15:30:36.702+03:00 ERROR 6885 --- [nio-8888-exec-2] c.e.newMock1.Controller.MainController   : ********** LimitRequestDTO **********{
  "rqUID" : "58dgtf565j8547f64ke7",
  "clientId" : "9050000000000000000",
  "account" : "30500000000000000001",
  "openDate" : "2020-01-01",
  "closeDate" : "2025-01-01"
}
2023-09-16T15:30:36.702+03:00 ERROR 6885 --- [nio-8888-exec-2] c.e.newMock1.Controller.MainController   : ********** LimitResponseDTO **********{
  "rqUID" : "58dgtf565j8547f64ke7",
  "clientId" : "9050000000000000000",
  "account" : "30500000000000000001",
  "currency" : "RU",
  "balance" : 666,
  "maxLimit" : 1000
}
2023-09-16T15:30:37.589+03:00 ERROR 6885 --- [nio-8888-exec-3] c.e.newMock1.Controller.MainController   : ********** LimitRequestDTO **********{
  "rqUID" : "58dgtf565j8547f64ke7",
  "clientId" : "9050000000000000000",
  "account" : "30500000000000000001",
  "openDate" : "2020-01-01",
  "closeDate" : "2025-01-01"
}
2023-09-16T15:30:37.590+03:00 ERROR 6885 --- [nio-8888-exec-3] c.e.newMock1.Controller.MainController   : ********** LimitResponseDTO **********{
  "rqUID" : "58dgtf565j8547f64ke7",
  "clientId" : "9050000000000000000",
  "account" : "30500000000000000001",
  "currency" : "RU",
  "balance" : 666,
  "maxLimit" : 1000
}
2023-09-16T15:30:38.436+03:00 ERROR 6885 --- [nio-8888-exec-4] c.e.newMock1.Controller.MainController   : ********** LimitRequestDTO **********{
  "rqUID" : "58dgtf565j8547f64ke7",
  "clientId" : "9050000000000000000",
  "account" : "30500000000000000001",
  "openDate" : "2020-01-01",
  "closeDate" : "2025-01-01"
}
2023-09-16T15:30:38.439+03:00 ERROR 6885 --- [nio-8888-exec-4] c.e.newMock1.Controller.MainController   : ********** LimitResponseDTO **********{
  "rqUID" : "58dgtf565j8547f64ke7",
  "clientId" : "9050000000000000000",
  "account" : "30500000000000000001",
  "currency" : "RU",
  "balance" : 666,
  "maxLimit" : 1000
}
2023-09-16T15:30:41.950+03:00 ERROR 6885 --- [nio-8888-exec-5] c.e.newMock1.Controller.MainController   : ********** LimitRequestDTO **********{
  "rqUID" : "58dgtf565j8547f64ke7",
  "clientId" : "9050000000000000000",
  "account" : "30500000000000000001",
  "openDate" : "2020-01-01",
  "closeDate" : "2025-01-01"
}
2023-09-16T15:30:41.951+03:00 ERROR 6885 --- [nio-8888-exec-5] c.e.newMock1.Controller.MainController   : ********** LimitResponseDTO **********{
  "rqUID" : "58dgtf565j8547f64ke7",
  "clientId" : "9050000000000000000",
  "account" : "30500000000000000001",
  "currency" : "RU",
  "balance" : 666,
  "maxLimit" : 1000
}
